  main.cpp
src\main.cpp(384): warning C4244: '=': conversion from 'Sint32' to 'float', possible loss of data
src\main.cpp(385): warning C4244: '=': conversion from 'Sint32' to 'float', possible loss of data
src\main.cpp(432): warning C4305: '+=': truncation from 'double' to 'float'
src\main.cpp(436): warning C4305: '-=': truncation from 'double' to 'float'
LINK : warning LNK4098: defaultlib 'LIBCMT' conflicts with use of other libs; use /NODEFAULTLIB:library
  Generating code
  37 of 2033 functions ( 1.8%) were compiled, the rest were copied from previous compilation.
    0 functions were new in current compilation
    9 functions had inline decision re-evaluated but remain unchanged
  Finished generating code
Model.obj : warning LNK4049: locally defined symbol __glewUniform3f imported
Model.obj : warning LNK4049: locally defined symbol __glewGenerateMipmap imported
Model.obj : warning LNK4049: locally defined symbol __glewGenBuffers imported
Model.obj : warning LNK4049: locally defined symbol __glewUniformMatrix4fv imported
Model.obj : warning LNK4049: locally defined symbol __glewGenVertexArrays imported
Model.obj : warning LNK4049: locally defined symbol __glewActiveTexture imported
Model.obj : warning LNK4049: locally defined symbol __glewBufferData imported
Model.obj : warning LNK4049: locally defined symbol __glewGetUniformLocation imported
Model.obj : warning LNK4049: locally defined symbol __glewUniform1f imported
Model.obj : warning LNK4049: locally defined symbol __glewBindBuffer imported
Model.obj : warning LNK4049: locally defined symbol __glewGetAttribLocation imported
Model.obj : warning LNK4049: locally defined symbol __glewVertexAttribPointer imported
Model.obj : warning LNK4049: locally defined symbol __glewUseProgram imported
Model.obj : warning LNK4049: locally defined symbol __glewBindVertexArray imported
Model.obj : warning LNK4049: locally defined symbol __glewEnableVertexAttribArray imported
glew32s.lib(glew.obj) : warning LNK4099: PDB 'vc120.pdb' was not found with 'glew32s.lib(glew.obj)' or at 'C:\Users\kvand_000\Documents\GitHub\OpenGLRenderer\GLRender\x64\Release\vc120.pdb'; linking object as if no debug info
  GLRender.vcxproj -> C:\Users\kvand_000\Documents\GitHub\OpenGLRenderer\GLRender\x64\Release\GLRender.exe
  GLRender.vcxproj -> C:\Users\kvand_000\Documents\GitHub\OpenGLRenderer\GLRender\x64\Release\GLRender.pdb (Full PDB)
