  main.cpp
c:\users\kvand_000\documents\github\openglrenderer\glrender\glrender\src\main.cpp(399): warning C4244: '=': conversion from 'Sint32' to 'float', possible loss of data
c:\users\kvand_000\documents\github\openglrenderer\glrender\glrender\src\main.cpp(400): warning C4244: '=': conversion from 'Sint32' to 'float', possible loss of data
c:\users\kvand_000\documents\github\openglrenderer\glrender\glrender\src\main.cpp(447): warning C4305: '+=': truncation from 'double' to 'float'
c:\users\kvand_000\documents\github\openglrenderer\glrender\glrender\src\main.cpp(451): warning C4305: '-=': truncation from 'double' to 'float'
  SOIL.lib(SOIL.obj) : MSIL .netmodule or module compiled with /GL found; restarting link with /LTCG; add /LTCG to the link command line to improve linker performance
LINK : warning LNK4075: ignoring '/INCREMENTAL' due to '/LTCG' specification
main.obj : warning LNK4075: ignoring '/EDITANDCONTINUE' due to '/OPT:LBR' specification
LINK : warning LNK4098: defaultlib 'MSVCRT' conflicts with use of other libs; use /NODEFAULTLIB:library
LINK : warning LNK4098: defaultlib 'LIBCMT' conflicts with use of other libs; use /NODEFAULTLIB:library
  Generating code
  Finished generating code
Model.obj : warning LNK4049: locally defined symbol __glewActiveTexture imported
Model.obj : warning LNK4049: locally defined symbol __glewBindBuffer imported
Model.obj : warning LNK4049: locally defined symbol __glewBufferData imported
Model.obj : warning LNK4049: locally defined symbol __glewGenBuffers imported
Model.obj : warning LNK4049: locally defined symbol __glewEnableVertexAttribArray imported
Model.obj : warning LNK4049: locally defined symbol __glewGetUniformLocation imported
Model.obj : warning LNK4049: locally defined symbol __glewUniform1f imported
Model.obj : warning LNK4049: locally defined symbol __glewUniform3f imported
Model.obj : warning LNK4049: locally defined symbol __glewUniformMatrix4fv imported
Model.obj : warning LNK4049: locally defined symbol __glewUseProgram imported
Model.obj : warning LNK4049: locally defined symbol __glewVertexAttribPointer imported
Model.obj : warning LNK4049: locally defined symbol __glewGenerateMipmap imported
Model.obj : warning LNK4049: locally defined symbol __glewBindVertexArray imported
Model.obj : warning LNK4049: locally defined symbol __glewGenVertexArrays imported
glew32s.lib(glew.obj) : warning LNK4099: PDB 'vc120.pdb' was not found with 'glew32s.lib(glew.obj)' or at 'C:\Users\kvand_000\Documents\GitHub\OpenGLRenderer\GLRender\x64\Debug\vc120.pdb'; linking object as if no debug info
  GLRender.vcxproj -> C:\Users\kvand_000\Documents\GitHub\OpenGLRenderer\GLRender\x64\Debug\GLRender.exe
  GLRender.vcxproj -> C:\Users\kvand_000\Documents\GitHub\OpenGLRenderer\GLRender\x64\Debug\GLRender.pdb (Partial PDB)
